[0m04:11:54.956471 [debug] [MainThread]: Sending event: {'category': 'dbt', 'action': 'invocation', 'label': 'start', 'context': [<snowplow_tracker.self_describing_json.SelfDescribingJson object at 0x7f8750e993d0>, <snowplow_tracker.self_describing_json.SelfDescribingJson object at 0x7f87704f0430>, <snowplow_tracker.self_describing_json.SelfDescribingJson object at 0x7f87704f0250>]}


============================== 04:11:54.959630 | ecb16f5c-6ec6-4997-891a-5a8ef705d322 ==============================
[0m04:11:54.959630 [info ] [MainThread]: Running with dbt=1.9.3
[0m04:11:54.960622 [debug] [MainThread]: running dbt with arguments {'use_experimental_parser': 'False', 'warn_error_options': 'WarnErrorOptions(include=[], exclude=[])', 'warn_error': 'None', 'invocation_command': 'dbt run', 'version_check': 'True', 'use_colors': 'True', 'log_path': '/Users/laurawhicker/Projects/example-evvy-setup/models/logs', 'partial_parse': 'True', 'quiet': 'False', 'static_parser': 'True', 'no_print': 'None', 'indirect_selection': 'eager', 'empty': 'False', 'printer_width': '80', 'log_format': 'default', 'profiles_dir': '/Users/laurawhicker/.dbt', 'debug': 'False', 'cache_selected_only': 'False', 'write_json': 'True', 'log_cache_events': 'False', 'target_path': 'None', 'introspect': 'True', 'send_anonymous_usage_stats': 'True', 'fail_fast': 'False'}
[0m04:11:55.280075 [error] [MainThread]: Encountered an error:
Runtime Error
  at path ['sources']: [{'name': 'evvy_db', 'database': 'EVVY_DB', 'schema': 'TEST', 'tables': [{'name': 'CART_EVENT'}]}] is not of type 'object'

Error encountered in /Users/laurawhicker/Projects/example-evvy-setup/models/dbt_project.yml
[0m04:11:55.281811 [debug] [MainThread]: Resource report: {"command_name": "run", "command_success": false, "command_wall_clock_time": 0.40725818, "process_in_blocks": "0", "process_kernel_time": 0.196636, "process_mem_max_rss": "106237952", "process_out_blocks": "0", "process_user_time": 1.940615}
[0m04:11:55.282457 [debug] [MainThread]: Command `dbt run` failed at 04:11:55.282293 after 0.41 seconds
[0m04:11:55.282952 [debug] [MainThread]: Sending event: {'category': 'dbt', 'action': 'invocation', 'label': 'end', 'context': [<snowplow_tracker.self_describing_json.SelfDescribingJson object at 0x7f8750e993d0>, <snowplow_tracker.self_describing_json.SelfDescribingJson object at 0x7f8770e9eac0>, <snowplow_tracker.self_describing_json.SelfDescribingJson object at 0x7f8770e9ed00>]}
[0m04:11:55.283458 [debug] [MainThread]: Flushing usage events
[0m04:11:55.637404 [debug] [MainThread]: An error was encountered while trying to flush usage events
[0m04:12:30.021363 [debug] [MainThread]: Sending event: {'category': 'dbt', 'action': 'invocation', 'label': 'start', 'context': [<snowplow_tracker.self_describing_json.SelfDescribingJson object at 0x7fcd584f93d0>, <snowplow_tracker.self_describing_json.SelfDescribingJson object at 0x7fcd58c48430>, <snowplow_tracker.self_describing_json.SelfDescribingJson object at 0x7fcd58c48250>]}


============================== 04:12:30.024733 | 6468d8c1-935c-4823-8a1c-ca4a35f1c7ab ==============================
[0m04:12:30.024733 [info ] [MainThread]: Running with dbt=1.9.3
[0m04:12:30.025667 [debug] [MainThread]: running dbt with arguments {'use_experimental_parser': 'False', 'cache_selected_only': 'False', 'write_json': 'True', 'indirect_selection': 'eager', 'target_path': 'None', 'warn_error': 'None', 'profiles_dir': '/Users/laurawhicker/.dbt', 'send_anonymous_usage_stats': 'True', 'empty': 'False', 'static_parser': 'True', 'quiet': 'False', 'log_path': '/Users/laurawhicker/Projects/example-evvy-setup/models/logs', 'warn_error_options': 'WarnErrorOptions(include=[], exclude=[])', 'fail_fast': 'False', 'printer_width': '80', 'invocation_command': 'dbt run', 'use_colors': 'True', 'log_format': 'default', 'no_print': 'None', 'partial_parse': 'True', 'version_check': 'True', 'log_cache_events': 'False', 'introspect': 'True', 'debug': 'False'}
[0m04:12:30.341923 [error] [MainThread]: Encountered an error:
Runtime Error
  at path ['sources']: [{'name': 'evvy_db', 'database': 'EVVY_DB', 'schema': 'TEST', 'tables': [{'name': 'CART_EVENT'}]}] is not of type 'object'

Error encountered in /Users/laurawhicker/Projects/example-evvy-setup/models/dbt_project.yml
[0m04:12:30.343508 [debug] [MainThread]: Resource report: {"command_name": "run", "command_success": false, "command_wall_clock_time": 0.40454704, "process_in_blocks": "0", "process_kernel_time": 0.189126, "process_mem_max_rss": "106242048", "process_out_blocks": "0", "process_user_time": 1.940415}
[0m04:12:30.344134 [debug] [MainThread]: Command `dbt run` failed at 04:12:30.343971 after 0.41 seconds
[0m04:12:30.344627 [debug] [MainThread]: Sending event: {'category': 'dbt', 'action': 'invocation', 'label': 'end', 'context': [<snowplow_tracker.self_describing_json.SelfDescribingJson object at 0x7fcd584f93d0>, <snowplow_tracker.self_describing_json.SelfDescribingJson object at 0x7fcd88d47ac0>, <snowplow_tracker.self_describing_json.SelfDescribingJson object at 0x7fcd88d47d00>]}
[0m04:12:30.345138 [debug] [MainThread]: Flushing usage events
[0m04:12:30.847597 [debug] [MainThread]: An error was encountered while trying to flush usage events
[0m04:13:50.199443 [debug] [MainThread]: Sending event: {'category': 'dbt', 'action': 'invocation', 'label': 'start', 'context': [<snowplow_tracker.self_describing_json.SelfDescribingJson object at 0x7f9760981460>, <snowplow_tracker.self_describing_json.SelfDescribingJson object at 0x7f9770ef7460>, <snowplow_tracker.self_describing_json.SelfDescribingJson object at 0x7f9770ef7280>]}


============================== 04:13:50.202356 | 742868f7-dde1-4e3e-b228-56d20d1fda9a ==============================
[0m04:13:50.202356 [info ] [MainThread]: Running with dbt=1.9.3
[0m04:13:50.203257 [debug] [MainThread]: running dbt with arguments {'indirect_selection': 'eager', 'cache_selected_only': 'False', 'fail_fast': 'False', 'introspect': 'True', 'log_format': 'default', 'send_anonymous_usage_stats': 'True', 'log_cache_events': 'False', 'warn_error_options': 'WarnErrorOptions(include=[], exclude=[])', 'static_parser': 'True', 'target_path': 'None', 'quiet': 'False', 'warn_error': 'None', 'partial_parse': 'True', 'invocation_command': 'dbt run', 'empty': 'False', 'debug': 'False', 'printer_width': '80', 'no_print': 'None', 'write_json': 'True', 'profiles_dir': '/Users/laurawhicker/.dbt', 'version_check': 'True', 'use_experimental_parser': 'False', 'use_colors': 'True', 'log_path': '/Users/laurawhicker/Projects/example-evvy-setup/models/logs'}
[0m04:13:50.205271 [error] [MainThread]: Encountered an error:
Runtime Error
  dbt cannot run because no profile was specified for this dbt project.
  To specify a profile for this project, add a line like the this to
  your dbt_project.yml file:
  
  profile: [profile name]
  
  Here, [profile name] should be replaced with a profile name
  defined in your profiles.yml file. You can find profiles.yml here:
  
  /Users/laurawhicker/.dbt/profiles.yml
  
[0m04:13:50.206977 [debug] [MainThread]: Resource report: {"command_name": "run", "command_success": false, "command_wall_clock_time": 0.09674677, "process_in_blocks": "0", "process_kernel_time": 0.17367, "process_mem_max_rss": "92397568", "process_out_blocks": "0", "process_user_time": 1.765928}
[0m04:13:50.207666 [debug] [MainThread]: Command `dbt run` failed at 04:13:50.207492 after 0.10 seconds
[0m04:13:50.208179 [debug] [MainThread]: Sending event: {'category': 'dbt', 'action': 'invocation', 'label': 'end', 'context': [<snowplow_tracker.self_describing_json.SelfDescribingJson object at 0x7f9760981460>, <snowplow_tracker.self_describing_json.SelfDescribingJson object at 0x7f97909b7190>, <snowplow_tracker.self_describing_json.SelfDescribingJson object at 0x7f97909b7dc0>]}
[0m04:13:50.208712 [debug] [MainThread]: Flushing usage events
[0m04:13:50.690449 [debug] [MainThread]: An error was encountered while trying to flush usage events
[0m04:15:41.014244 [debug] [MainThread]: Sending event: {'category': 'dbt', 'action': 'invocation', 'label': 'start', 'context': [<snowplow_tracker.self_describing_json.SelfDescribingJson object at 0x7ff3a8721460>, <snowplow_tracker.self_describing_json.SelfDescribingJson object at 0x7ff3b84a8400>, <snowplow_tracker.self_describing_json.SelfDescribingJson object at 0x7ff3b84a8220>]}


============================== 04:15:41.018081 | 5886f9df-a05f-4023-a2f4-53feb54cbafa ==============================
[0m04:15:41.018081 [info ] [MainThread]: Running with dbt=1.9.3
[0m04:15:41.018956 [debug] [MainThread]: running dbt with arguments {'version_check': 'True', 'introspect': 'True', 'target_path': 'None', 'printer_width': '80', 'warn_error_options': 'WarnErrorOptions(include=[], exclude=[])', 'log_cache_events': 'False', 'invocation_command': 'dbt run', 'static_parser': 'True', 'write_json': 'True', 'use_colors': 'True', 'empty': 'False', 'no_print': 'None', 'partial_parse': 'True', 'send_anonymous_usage_stats': 'True', 'debug': 'False', 'use_experimental_parser': 'False', 'cache_selected_only': 'False', 'profiles_dir': '/Users/laurawhicker/.dbt', 'indirect_selection': 'eager', 'log_format': 'default', 'quiet': 'False', 'warn_error': 'None', 'log_path': '/Users/laurawhicker/Projects/example-evvy-setup/models/logs', 'fail_fast': 'False'}
[0m04:15:41.399127 [debug] [MainThread]: Sending event: {'category': 'dbt', 'action': 'project_id', 'label': '5886f9df-a05f-4023-a2f4-53feb54cbafa', 'context': [<snowplow_tracker.self_describing_json.SelfDescribingJson object at 0x7ff3a8c0a850>]}
[0m04:15:41.470491 [debug] [MainThread]: Sending event: {'category': 'dbt', 'action': 'adapter_info', 'label': '5886f9df-a05f-4023-a2f4-53feb54cbafa', 'context': [<snowplow_tracker.self_describing_json.SelfDescribingJson object at 0x7ff3a8adeca0>]}
[0m04:15:41.471543 [info ] [MainThread]: Registered adapter: snowflake=1.9.2
[0m04:15:41.681236 [debug] [MainThread]: checksum: 5671c00892cdbcef29c3b00cc5ba7510c3d18a35c883caeb9ab9ee266dc29c8f, vars: {}, profile: , target: , version: 1.9.3
[0m04:15:41.683026 [info ] [MainThread]: Unable to do partial parsing because saved manifest not found. Starting full parse.
[0m04:15:41.683641 [debug] [MainThread]: Sending event: {'category': 'dbt', 'action': 'partial_parser', 'label': '5886f9df-a05f-4023-a2f4-53feb54cbafa', 'context': [<snowplow_tracker.self_describing_json.SelfDescribingJson object at 0x7ff3a8efe400>]}
[0m04:15:42.836857 [debug] [MainThread]: Sending event: {'category': 'dbt', 'action': 'load_project', 'label': '5886f9df-a05f-4023-a2f4-53feb54cbafa', 'context': [<snowplow_tracker.self_describing_json.SelfDescribingJson object at 0x7ff3d90ee130>]}
[0m04:15:42.894833 [debug] [MainThread]: Wrote artifact WritableManifest to /Users/laurawhicker/Projects/example-evvy-setup/models/target/manifest.json
[0m04:15:42.904843 [debug] [MainThread]: Wrote artifact SemanticManifest to /Users/laurawhicker/Projects/example-evvy-setup/models/target/semantic_manifest.json
[0m04:15:42.917918 [debug] [MainThread]: Sending event: {'category': 'dbt', 'action': 'resource_counts', 'label': '5886f9df-a05f-4023-a2f4-53feb54cbafa', 'context': [<snowplow_tracker.self_describing_json.SelfDescribingJson object at 0x7ff3d91db790>]}
[0m04:15:42.918572 [info ] [MainThread]: Found 474 macros
[0m04:15:42.919055 [debug] [MainThread]: Sending event: {'category': 'dbt', 'action': 'runnable_timing', 'label': '5886f9df-a05f-4023-a2f4-53feb54cbafa', 'context': [<snowplow_tracker.self_describing_json.SelfDescribingJson object at 0x7ff3d91b8580>]}
[0m04:15:42.920375 [warn ] [MainThread]: Nothing to do. Try checking your model configs and model specification args
[0m04:15:42.921133 [debug] [MainThread]: Command end result
[0m04:15:42.951172 [debug] [MainThread]: Wrote artifact WritableManifest to /Users/laurawhicker/Projects/example-evvy-setup/models/target/manifest.json
[0m04:15:42.953208 [debug] [MainThread]: Wrote artifact SemanticManifest to /Users/laurawhicker/Projects/example-evvy-setup/models/target/semantic_manifest.json
[0m04:15:42.958003 [debug] [MainThread]: Wrote artifact RunExecutionResult to /Users/laurawhicker/Projects/example-evvy-setup/models/target/run_results.json
[0m04:15:42.959611 [debug] [MainThread]: Resource report: {"command_name": "run", "command_success": true, "command_wall_clock_time": 2.0248988, "process_in_blocks": "0", "process_kernel_time": 0.344671, "process_mem_max_rss": "116412416", "process_out_blocks": "0", "process_user_time": 3.405298}
[0m04:15:42.960205 [debug] [MainThread]: Command `dbt run` succeeded at 04:15:42.960067 after 2.03 seconds
[0m04:15:42.960709 [debug] [MainThread]: Sending event: {'category': 'dbt', 'action': 'invocation', 'label': 'end', 'context': [<snowplow_tracker.self_describing_json.SelfDescribingJson object at 0x7ff3a8721460>, <snowplow_tracker.self_describing_json.SelfDescribingJson object at 0x7ff3a8efe460>, <snowplow_tracker.self_describing_json.SelfDescribingJson object at 0x7ff3d91db790>]}
[0m04:15:42.961200 [debug] [MainThread]: Flushing usage events
[0m04:15:43.420906 [debug] [MainThread]: An error was encountered while trying to flush usage events
[0m04:16:14.845200 [debug] [MainThread]: Sending event: {'category': 'dbt', 'action': 'invocation', 'label': 'start', 'context': [<snowplow_tracker.self_describing_json.SelfDescribingJson object at 0x7f91187593d0>, <snowplow_tracker.self_describing_json.SelfDescribingJson object at 0x7f91284e3880>, <snowplow_tracker.self_describing_json.SelfDescribingJson object at 0x7f91284e3a60>]}


============================== 04:16:14.848290 | b52ff3c4-ac8d-4e19-a0fb-aa39e2c39613 ==============================
[0m04:16:14.848290 [info ] [MainThread]: Running with dbt=1.9.3
[0m04:16:14.849118 [debug] [MainThread]: running dbt with arguments {'version_check': 'True', 'log_path': '/Users/laurawhicker/Projects/example-evvy-setup/models/logs', 'log_cache_events': 'False', 'empty': 'None', 'quiet': 'False', 'fail_fast': 'False', 'use_experimental_parser': 'False', 'printer_width': '80', 'introspect': 'True', 'warn_error_options': 'WarnErrorOptions(include=[], exclude=[])', 'write_json': 'True', 'warn_error': 'None', 'invocation_command': 'dbt list', 'debug': 'False', 'no_print': 'None', 'profiles_dir': '/Users/laurawhicker/.dbt', 'log_format': 'default', 'use_colors': 'True', 'cache_selected_only': 'False', 'indirect_selection': 'eager', 'send_anonymous_usage_stats': 'True', 'target_path': 'None', 'static_parser': 'True', 'partial_parse': 'True'}
[0m04:16:15.247930 [debug] [MainThread]: Sending event: {'category': 'dbt', 'action': 'project_id', 'label': 'b52ff3c4-ac8d-4e19-a0fb-aa39e2c39613', 'context': [<snowplow_tracker.self_describing_json.SelfDescribingJson object at 0x7f9128e4ce20>]}
[0m04:16:15.320495 [debug] [MainThread]: Sending event: {'category': 'dbt', 'action': 'adapter_info', 'label': 'b52ff3c4-ac8d-4e19-a0fb-aa39e2c39613', 'context': [<snowplow_tracker.self_describing_json.SelfDescribingJson object at 0x7f9108fbf280>]}
[0m04:16:15.321549 [info ] [MainThread]: Registered adapter: snowflake=1.9.2
[0m04:16:15.546733 [debug] [MainThread]: checksum: 5671c00892cdbcef29c3b00cc5ba7510c3d18a35c883caeb9ab9ee266dc29c8f, vars: {}, profile: , target: , version: 1.9.3
[0m04:16:15.643850 [debug] [MainThread]: Partial parsing enabled: 0 files deleted, 0 files added, 0 files changed.
[0m04:16:15.644391 [debug] [MainThread]: Partial parsing enabled, no changes found, skipping parsing
[0m04:16:15.651887 [debug] [MainThread]: Sending event: {'category': 'dbt', 'action': 'load_project', 'label': 'b52ff3c4-ac8d-4e19-a0fb-aa39e2c39613', 'context': [<snowplow_tracker.self_describing_json.SelfDescribingJson object at 0x7f91395b5130>]}
[0m04:16:15.715373 [debug] [MainThread]: Wrote artifact WritableManifest to /Users/laurawhicker/Projects/example-evvy-setup/models/target/manifest.json
[0m04:16:15.725829 [debug] [MainThread]: Wrote artifact SemanticManifest to /Users/laurawhicker/Projects/example-evvy-setup/models/target/semantic_manifest.json
[0m04:16:15.796515 [debug] [MainThread]: Sending event: {'category': 'dbt', 'action': 'runnable_timing', 'label': 'b52ff3c4-ac8d-4e19-a0fb-aa39e2c39613', 'context': [<snowplow_tracker.self_describing_json.SelfDescribingJson object at 0x7f9118dc6b50>]}
[0m04:16:15.797401 [warn ] [MainThread]: No nodes selected!
[0m04:16:15.798878 [debug] [MainThread]: Resource report: {"command_name": "list", "command_success": true, "command_wall_clock_time": 1.046817, "process_in_blocks": "0", "process_kernel_time": 0.355264, "process_mem_max_rss": "114110464", "process_out_blocks": "0", "process_user_time": 2.502394}
[0m04:16:15.799446 [debug] [MainThread]: Command `dbt list` succeeded at 04:16:15.799312 after 1.05 seconds
[0m04:16:15.800374 [debug] [MainThread]: Sending event: {'category': 'dbt', 'action': 'invocation', 'label': 'end', 'context': [<snowplow_tracker.self_describing_json.SelfDescribingJson object at 0x7f91187593d0>, <snowplow_tracker.self_describing_json.SelfDescribingJson object at 0x7f9118dc6520>, <snowplow_tracker.self_describing_json.SelfDescribingJson object at 0x7f91090b31f0>]}
[0m04:16:15.801024 [debug] [MainThread]: Flushing usage events
[0m04:16:16.189371 [debug] [MainThread]: An error was encountered while trying to flush usage events
[0m04:17:02.530339 [debug] [MainThread]: Sending event: {'category': 'dbt', 'action': 'invocation', 'label': 'start', 'context': [<snowplow_tracker.self_describing_json.SelfDescribingJson object at 0x7fc8f0901340>, <snowplow_tracker.self_describing_json.SelfDescribingJson object at 0x7fc8e0e20430>, <snowplow_tracker.self_describing_json.SelfDescribingJson object at 0x7fc8e0e20250>]}


============================== 04:17:02.534100 | ed653f39-32ee-49c6-b410-a947436bc9d3 ==============================
[0m04:17:02.534100 [info ] [MainThread]: Running with dbt=1.9.3
[0m04:17:02.534991 [debug] [MainThread]: running dbt with arguments {'send_anonymous_usage_stats': 'True', 'warn_error': 'None', 'use_experimental_parser': 'False', 'fail_fast': 'False', 'empty': 'False', 'indirect_selection': 'eager', 'no_print': 'None', 'static_parser': 'True', 'write_json': 'True', 'version_check': 'True', 'warn_error_options': 'WarnErrorOptions(include=[], exclude=[])', 'quiet': 'False', 'target_path': 'None', 'introspect': 'True', 'log_format': 'default', 'use_colors': 'True', 'invocation_command': 'dbt run', 'cache_selected_only': 'False', 'partial_parse': 'True', 'log_cache_events': 'False', 'log_path': '/Users/laurawhicker/Projects/example-evvy-setup/models/logs', 'printer_width': '80', 'debug': 'False', 'profiles_dir': '/Users/laurawhicker/.dbt'}
[0m04:17:02.920371 [debug] [MainThread]: Sending event: {'category': 'dbt', 'action': 'project_id', 'label': 'ed653f39-32ee-49c6-b410-a947436bc9d3', 'context': [<snowplow_tracker.self_describing_json.SelfDescribingJson object at 0x7fc8d8bc8dc0>]}
[0m04:17:02.992745 [debug] [MainThread]: Sending event: {'category': 'dbt', 'action': 'adapter_info', 'label': 'ed653f39-32ee-49c6-b410-a947436bc9d3', 'context': [<snowplow_tracker.self_describing_json.SelfDescribingJson object at 0x7fc8d8bce460>]}
[0m04:17:02.993776 [info ] [MainThread]: Registered adapter: snowflake=1.9.2
[0m04:17:03.208444 [debug] [MainThread]: checksum: 5671c00892cdbcef29c3b00cc5ba7510c3d18a35c883caeb9ab9ee266dc29c8f, vars: {}, profile: , target: , version: 1.9.3
[0m04:17:03.304302 [debug] [MainThread]: Partial parsing enabled: 0 files deleted, 0 files added, 0 files changed.
[0m04:17:03.304827 [debug] [MainThread]: Partial parsing enabled, no changes found, skipping parsing
[0m04:17:03.312128 [debug] [MainThread]: Sending event: {'category': 'dbt', 'action': 'load_project', 'label': 'ed653f39-32ee-49c6-b410-a947436bc9d3', 'context': [<snowplow_tracker.self_describing_json.SelfDescribingJson object at 0x7fc8f1285130>]}
[0m04:17:03.372667 [debug] [MainThread]: Wrote artifact WritableManifest to /Users/laurawhicker/Projects/example-evvy-setup/models/target/manifest.json
[0m04:17:03.383470 [debug] [MainThread]: Wrote artifact SemanticManifest to /Users/laurawhicker/Projects/example-evvy-setup/models/target/semantic_manifest.json
[0m04:17:03.455054 [debug] [MainThread]: Sending event: {'category': 'dbt', 'action': 'resource_counts', 'label': 'ed653f39-32ee-49c6-b410-a947436bc9d3', 'context': [<snowplow_tracker.self_describing_json.SelfDescribingJson object at 0x7fc8d8bed610>]}
[0m04:17:03.455704 [info ] [MainThread]: Found 474 macros
[0m04:17:03.456390 [debug] [MainThread]: Sending event: {'category': 'dbt', 'action': 'runnable_timing', 'label': 'ed653f39-32ee-49c6-b410-a947436bc9d3', 'context': [<snowplow_tracker.self_describing_json.SelfDescribingJson object at 0x7fc8d12e3c10>]}
[0m04:17:03.457550 [warn ] [MainThread]: Nothing to do. Try checking your model configs and model specification args
[0m04:17:03.459903 [debug] [MainThread]: Command end result
[0m04:17:03.489467 [debug] [MainThread]: Wrote artifact WritableManifest to /Users/laurawhicker/Projects/example-evvy-setup/models/target/manifest.json
[0m04:17:03.491466 [debug] [MainThread]: Wrote artifact SemanticManifest to /Users/laurawhicker/Projects/example-evvy-setup/models/target/semantic_manifest.json
[0m04:17:03.495362 [debug] [MainThread]: Wrote artifact RunExecutionResult to /Users/laurawhicker/Projects/example-evvy-setup/models/target/run_results.json
[0m04:17:03.496725 [debug] [MainThread]: Resource report: {"command_name": "run", "command_success": true, "command_wall_clock_time": 1.0467962, "process_in_blocks": "0", "process_kernel_time": 0.334566, "process_mem_max_rss": "114679808", "process_out_blocks": "0", "process_user_time": 2.442704}
[0m04:17:03.497335 [debug] [MainThread]: Command `dbt run` succeeded at 04:17:03.497199 after 1.05 seconds
[0m04:17:03.497845 [debug] [MainThread]: Sending event: {'category': 'dbt', 'action': 'invocation', 'label': 'end', 'context': [<snowplow_tracker.self_describing_json.SelfDescribingJson object at 0x7fc8f0901340>, <snowplow_tracker.self_describing_json.SelfDescribingJson object at 0x7fc8d8bed8e0>, <snowplow_tracker.self_describing_json.SelfDescribingJson object at 0x7fc8d0e49f70>]}
[0m04:17:03.498328 [debug] [MainThread]: Flushing usage events
[0m04:17:04.016285 [debug] [MainThread]: An error was encountered while trying to flush usage events
[0m04:17:15.146090 [debug] [MainThread]: Sending event: {'category': 'dbt', 'action': 'invocation', 'label': 'start', 'context': [<snowplow_tracker.self_describing_json.SelfDescribingJson object at 0x7fed087213d0>, <snowplow_tracker.self_describing_json.SelfDescribingJson object at 0x7fed08a74880>, <snowplow_tracker.self_describing_json.SelfDescribingJson object at 0x7fed08a74a60>]}


============================== 04:17:15.149427 | c0e75cb3-ee20-42f2-a6f6-774454c7752f ==============================
[0m04:17:15.149427 [info ] [MainThread]: Running with dbt=1.9.3
[0m04:17:15.150345 [debug] [MainThread]: running dbt with arguments {'version_check': 'True', 'use_experimental_parser': 'False', 'introspect': 'True', 'fail_fast': 'False', 'target_path': 'None', 'profiles_dir': '/Users/laurawhicker/.dbt', 'log_path': '/Users/laurawhicker/Projects/example-evvy-setup/models/logs', 'write_json': 'True', 'empty': 'None', 'debug': 'False', 'static_parser': 'True', 'use_colors': 'True', 'send_anonymous_usage_stats': 'True', 'cache_selected_only': 'False', 'warn_error_options': 'WarnErrorOptions(include=[], exclude=[])', 'warn_error': 'None', 'invocation_command': 'dbt list', 'log_cache_events': 'False', 'partial_parse': 'True', 'printer_width': '80', 'log_format': 'default', 'indirect_selection': 'eager', 'quiet': 'False', 'no_print': 'None'}
[0m04:17:15.540259 [debug] [MainThread]: Sending event: {'category': 'dbt', 'action': 'project_id', 'label': 'c0e75cb3-ee20-42f2-a6f6-774454c7752f', 'context': [<snowplow_tracker.self_describing_json.SelfDescribingJson object at 0x7fed1914a220>]}
[0m04:17:15.613772 [debug] [MainThread]: Sending event: {'category': 'dbt', 'action': 'adapter_info', 'label': 'c0e75cb3-ee20-42f2-a6f6-774454c7752f', 'context': [<snowplow_tracker.self_describing_json.SelfDescribingJson object at 0x7fed1917e7c0>]}
[0m04:17:15.614809 [info ] [MainThread]: Registered adapter: snowflake=1.9.2
[0m04:17:15.829370 [debug] [MainThread]: checksum: 5671c00892cdbcef29c3b00cc5ba7510c3d18a35c883caeb9ab9ee266dc29c8f, vars: {}, profile: , target: , version: 1.9.3
[0m04:17:15.927002 [debug] [MainThread]: Partial parsing enabled: 0 files deleted, 0 files added, 0 files changed.
[0m04:17:15.927600 [debug] [MainThread]: Partial parsing enabled, no changes found, skipping parsing
[0m04:17:15.934363 [debug] [MainThread]: Sending event: {'category': 'dbt', 'action': 'load_project', 'label': 'c0e75cb3-ee20-42f2-a6f6-774454c7752f', 'context': [<snowplow_tracker.self_describing_json.SelfDescribingJson object at 0x7fed116d6130>]}
[0m04:17:15.995897 [debug] [MainThread]: Wrote artifact WritableManifest to /Users/laurawhicker/Projects/example-evvy-setup/models/target/manifest.json
[0m04:17:16.006921 [debug] [MainThread]: Wrote artifact SemanticManifest to /Users/laurawhicker/Projects/example-evvy-setup/models/target/semantic_manifest.json
[0m04:17:16.079673 [debug] [MainThread]: Sending event: {'category': 'dbt', 'action': 'runnable_timing', 'label': 'c0e75cb3-ee20-42f2-a6f6-774454c7752f', 'context': [<snowplow_tracker.self_describing_json.SelfDescribingJson object at 0x7fed19166e50>]}
[0m04:17:16.080805 [warn ] [MainThread]: No nodes selected!
[0m04:17:16.082404 [debug] [MainThread]: Resource report: {"command_name": "list", "command_success": true, "command_wall_clock_time": 1.0187495, "process_in_blocks": "0", "process_kernel_time": 0.324521, "process_mem_max_rss": "114569216", "process_out_blocks": "0", "process_user_time": 2.420565}
[0m04:17:16.082971 [debug] [MainThread]: Command `dbt list` succeeded at 04:17:16.082836 after 1.02 seconds
[0m04:17:16.083472 [debug] [MainThread]: Sending event: {'category': 'dbt', 'action': 'invocation', 'label': 'end', 'context': [<snowplow_tracker.self_describing_json.SelfDescribingJson object at 0x7fed087213d0>, <snowplow_tracker.self_describing_json.SelfDescribingJson object at 0x7fed191663d0>, <snowplow_tracker.self_describing_json.SelfDescribingJson object at 0x7fed28e9cb80>]}
[0m04:17:16.083946 [debug] [MainThread]: Flushing usage events
[0m04:17:16.433267 [debug] [MainThread]: An error was encountered while trying to flush usage events
